INFO:root:Мы  не залогинились!
INFO:root:Мы  не залогинились!
INFO:root:Мы  не залогинились!
INFO:root:Мы  не залогинились!
scenario.py[LINE:27]# INFO     [2018-10-15 17:20:14,319]  Мы  не залогинились!
scenario.py[LINE:27]# INFO     [2018-10-15 17:20:14,647]  Мы  не залогинились!
scenario.py[LINE:29]# INFO     [2018-10-15 17:26:15,689]  Мы  не залогинились!
scenario.py[LINE:29]# INFO     [2018-10-15 17:26:16,032]  Мы  не залогинились!
scenario.py[LINE:29]# INFO     [2018-10-15 17:28:11,002]  Мы  не залогинились!
scenario.py[LINE:29]# INFO     [2018-10-15 17:28:11,315]  Мы  не залогинились!
scenario.py[LINE:29]# INFO     [2018-10-15 17:31:51,756]  Мы  не залогинились!
scenario.py[LINE:29]# INFO     [2018-10-15 17:31:52,100]  Мы  не залогинились!
scenario.py[LINE:53]# INFO     [2018-10-15 17:31:57,366]  Мы сменили страницу!
scenario.py[LINE:58]# INFO     [2018-10-15 17:31:57,397]  Мы на странице ошибки!
scenario.py[LINE:78]# INFO     [2018-10-15 17:32:02,756]  Мы не на первой странице, но на ее аналоге.
scenario.py[LINE:31]# INFO     [2018-10-15 17:50:45,390]  Мы  не залогинились!
scenario.py[LINE:31]# INFO     [2018-10-15 17:50:45,797]  Мы  не залогинились!
scenario.py[LINE:55]# INFO     [2018-10-15 17:50:51,078]  Мы сменили страницу!
scenario.py[LINE:60]# INFO     [2018-10-15 17:50:51,109]  Мы на странице ошибки!
scenario.py[LINE:80]# INFO     [2018-10-15 17:50:56,473]  Мы не на первой странице, но на ее аналоге.
scenario.py[LINE:37]# INFO     [2018-10-16 17:05:51,018]  Мы  не залогинились!
scenario.py[LINE:37]# INFO     [2018-10-16 17:05:51,377]  Мы  не залогинились!
scenario.py[LINE:34]# INFO     [2018-10-16 17:14:50,092]  Мы  не залогинились!
scenario.py[LINE:34]# INFO     [2018-10-16 17:14:50,436]  Мы  не залогинились!
scenario.py[LINE:34]# INFO     [2018-10-16 17:15:36,936]  Мы  не залогинились!
scenario.py[LINE:34]# INFO     [2018-10-16 17:15:37,233]  Мы  не залогинились!
scenario.py[LINE:34]# INFO     [2018-10-16 17:16:35,358]  Мы  не залогинились!
scenario.py[LINE:34]# INFO     [2018-10-16 17:16:35,624]  Мы  не залогинились!
scenario.py[LINE:34]# INFO     [2018-10-16 17:17:28,796]  Мы  не залогинились!
scenario.py[LINE:34]# INFO     [2018-10-16 17:17:29,108]  Мы  не залогинились!
scenario.py[LINE:34]# INFO     [2018-10-16 17:18:25,702]  Мы  не залогинились!
scenario.py[LINE:34]# INFO     [2018-10-16 17:18:25,999]  Мы  не залогинились!
scenario.py[LINE:34]# INFO     [2018-10-16 17:19:00,327]  Мы  не залогинились!
scenario.py[LINE:34]# INFO     [2018-10-16 17:19:00,733]  Мы  не залогинились!
scenario.py[LINE:34]# INFO     [2018-10-16 17:19:53,109]  Мы  не залогинились!
scenario.py[LINE:34]# INFO     [2018-10-16 17:19:53,390]  Мы  не залогинились!
scenario.py[LINE:34]# INFO     [2018-10-16 17:21:37,031]  Мы  не залогинились!
scenario.py[LINE:34]# INFO     [2018-10-16 17:21:37,484]  Мы  не залогинились!
scenario.py[LINE:34]# INFO     [2018-10-16 17:22:30,234]  Мы  не залогинились!
scenario.py[LINE:34]# INFO     [2018-10-16 17:22:30,593]  Мы  не залогинились!
scenario.py[LINE:34]# INFO     [2018-10-16 17:23:14,484]  Мы  не залогинились!
scenario.py[LINE:34]# INFO     [2018-10-16 17:23:15,031]  Мы  не залогинились!
scenario.py[LINE:34]# INFO     [2018-10-16 17:23:40,234]  Мы  не залогинились!
scenario.py[LINE:34]# INFO     [2018-10-16 17:23:40,687]  Мы  не залогинились!
scenario.py[LINE:34]# INFO     [2018-10-16 17:25:17,265]  Мы  не залогинились!
scenario.py[LINE:34]# INFO     [2018-10-16 17:25:17,578]  Мы  не залогинились!
scenario.py[LINE:34]# INFO     [2018-10-16 17:25:57,250]  Мы  не залогинились!
scenario.py[LINE:34]# INFO     [2018-10-16 17:25:57,578]  Мы  не залогинились!
scenario.py[LINE:34]# INFO     [2018-10-16 17:28:33,406]  Мы  не залогинились!
scenario.py[LINE:34]# INFO     [2018-10-16 17:28:33,844]  Мы  не залогинились!
scenario.py[LINE:34]# INFO     [2018-10-16 17:31:41,582]  Мы  не залогинились!
scenario.py[LINE:34]# INFO     [2018-10-16 17:31:41,879]  Мы  не залогинились!
scenario.py[LINE:34]# INFO     [2018-10-16 17:32:25,660]  Мы  не залогинились!
scenario.py[LINE:34]# INFO     [2018-10-16 17:32:26,097]  Мы  не залогинились!
scenario.py[LINE:34]# INFO     [2018-10-16 17:33:12,660]  Мы  не залогинились!
scenario.py[LINE:34]# INFO     [2018-10-16 17:33:12,988]  Мы  не залогинились!
scenario.py[LINE:34]# INFO     [2018-10-16 17:33:48,410]  Мы  не залогинились!
scenario.py[LINE:34]# INFO     [2018-10-16 17:33:48,738]  Мы  не залогинились!
scenario.py[LINE:34]# INFO     [2018-10-16 17:34:24,082]  Мы  не залогинились!
scenario.py[LINE:34]# INFO     [2018-10-16 17:34:24,426]  Мы  не залогинились!
scenario.py[LINE:36]# INFO     [2018-10-16 17:35:19,317]  Мы  не залогинились!
scenario.py[LINE:36]# INFO     [2018-10-16 17:35:19,754]  Мы  не залогинились!
scenario.py[LINE:36]# INFO     [2018-10-16 17:35:58,863]  Мы  не залогинились!
scenario.py[LINE:36]# INFO     [2018-10-16 17:35:59,223]  Мы  не залогинились!
scenario.py[LINE:36]# INFO     [2018-10-16 17:36:42,364]  Мы  не залогинились!
scenario.py[LINE:36]# INFO     [2018-10-16 17:36:42,754]  Мы  не залогинились!
scenario.py[LINE:36]# INFO     [2018-10-16 17:37:11,395]  Мы  не залогинились!
scenario.py[LINE:36]# INFO     [2018-10-16 17:37:11,754]  Мы  не залогинились!
scenario.py[LINE:37]# INFO     [2018-10-16 17:37:38,051]  Мы  не залогинились!
scenario.py[LINE:37]# INFO     [2018-10-16 17:37:38,457]  Мы  не залогинились!
scenario.py[LINE:60]# INFO     [2018-10-16 17:37:38,926]  Мы Не сменили страницу!
scenario.py[LINE:71]# INFO     [2018-10-16 17:37:38,957]  Мы залогинились?
scenario.py[LINE:37]# INFO     [2018-10-16 17:39:27,457]  Мы  не залогинились!
scenario.py[LINE:37]# INFO     [2018-10-16 17:39:27,832]  Мы  не залогинились!
scenario.py[LINE:60]# INFO     [2018-10-16 17:39:28,160]  Мы Не сменили страницу!
scenario.py[LINE:71]# INFO     [2018-10-16 17:39:28,160]  Мы залогинились?
scenario.py[LINE:37]# INFO     [2018-10-16 17:40:40,426]  Мы  не залогинились!
scenario.py[LINE:37]# INFO     [2018-10-16 17:40:40,817]  Мы  не залогинились!
scenario.py[LINE:37]# INFO     [2018-10-16 17:42:44,176]  Мы  не залогинились!
scenario.py[LINE:37]# INFO     [2018-10-16 17:42:44,614]  Мы  не залогинились!
scenario.py[LINE:63]# INFO     [2018-10-16 17:42:45,910]  Мы сменили страницу!
scenario.py[LINE:68]# INFO     [2018-10-16 17:42:45,926]  Мы на странице ошибки!
scenario.py[LINE:90]# INFO     [2018-10-16 17:42:46,239]  Мы не на первой странице, но на ее аналоге.
scenario.py[LINE:41]# INFO     [2018-10-18 18:13:22,366]  Мы  не залогинились!
scenario.py[LINE:41]# INFO     [2018-10-18 18:13:22,741]  Мы  не залогинились!
scenario.py[LINE:67]# INFO     [2018-10-18 18:13:24,132]  Мы сменили страницу!
scenario.py[LINE:72]# INFO     [2018-10-18 18:13:24,132]  Мы на странице ошибки!
scenario.py[LINE:95]# INFO     [2018-10-18 18:13:24,710]  Мы не на первой странице, но на ее аналоге.
scenario.py[LINE:41]# INFO     [2018-10-18 18:15:49,006]  Мы  не залогинились!
scenario.py[LINE:41]# INFO     [2018-10-18 18:15:49,506]  Мы  не залогинились!
scenario.py[LINE:67]# INFO     [2018-10-18 18:15:50,849]  Мы сменили страницу!
scenario.py[LINE:72]# INFO     [2018-10-18 18:15:50,849]  Мы на странице ошибки!
scenario.py[LINE:95]# INFO     [2018-10-18 18:15:51,552]  Мы не на первой странице, но на ее аналоге.
scenario.py[LINE:41]# INFO     [2018-10-18 18:16:21,674]  Мы  не залогинились!
scenario.py[LINE:41]# INFO     [2018-10-18 18:16:22,190]  Мы  не залогинились!
scenario.py[LINE:67]# INFO     [2018-10-18 18:16:23,065]  Мы сменили страницу!
scenario.py[LINE:72]# INFO     [2018-10-18 18:16:23,112]  Мы на странице ошибки!
scenario.py[LINE:95]# INFO     [2018-10-18 18:16:23,580]  Мы не на первой странице, но на ее аналоге.
scenario.py[LINE:42]# INFO     [2018-10-18 18:21:23,209]  Мы  не залогинились!
scenario.py[LINE:42]# INFO     [2018-10-18 18:21:23,490]  Мы  не залогинились!
scenario.py[LINE:68]# INFO     [2018-10-18 18:21:24,818]  Мы сменили страницу!
scenario.py[LINE:73]# INFO     [2018-10-18 18:21:24,818]  Мы на странице ошибки!
scenario.py[LINE:42]# INFO     [2018-10-18 18:24:31,399]  Мы  не залогинились!
scenario.py[LINE:42]# INFO     [2018-10-18 18:24:31,728]  Мы  не залогинились!
scenario.py[LINE:68]# INFO     [2018-10-18 18:24:32,634]  Мы сменили страницу!
scenario.py[LINE:73]# INFO     [2018-10-18 18:24:32,665]  Мы на странице ошибки!
scenario.py[LINE:42]# INFO     [2018-10-18 18:25:25,053]  Мы  не залогинились!
scenario.py[LINE:42]# INFO     [2018-10-18 18:25:25,396]  Мы  не залогинились!
scenario.py[LINE:68]# INFO     [2018-10-18 18:25:26,709]  Мы сменили страницу!
scenario.py[LINE:73]# INFO     [2018-10-18 18:25:26,709]  Мы на странице ошибки!
scenario.py[LINE:42]# INFO     [2018-10-18 18:36:24,521]  Мы  не залогинились!
scenario.py[LINE:42]# INFO     [2018-10-18 18:36:24,911]  Мы  не залогинились!
scenario.py[LINE:68]# INFO     [2018-10-18 18:36:25,802]  Мы сменили страницу!
scenario.py[LINE:73]# INFO     [2018-10-18 18:36:25,818]  Мы на странице ошибки!
scenario.py[LINE:42]# INFO     [2018-10-18 18:37:38,896]  Мы  не залогинились!
scenario.py[LINE:42]# INFO     [2018-10-18 18:37:39,365]  Мы  не залогинились!
scenario.py[LINE:68]# INFO     [2018-10-18 18:37:40,352]  Мы сменили страницу!
scenario.py[LINE:73]# INFO     [2018-10-18 18:37:40,371]  Мы на странице ошибки!
scenario.py[LINE:42]# INFO     [2018-10-18 18:38:19,145]  Мы  не залогинились!
scenario.py[LINE:42]# INFO     [2018-10-18 18:38:19,492]  Мы  не залогинились!
scenario.py[LINE:68]# INFO     [2018-10-18 18:38:20,401]  Мы сменили страницу!
scenario.py[LINE:73]# INFO     [2018-10-18 18:38:20,454]  Мы на странице ошибки!
scenario.py[LINE:42]# INFO     [2018-10-18 18:38:28,243]  Мы  не залогинились!
scenario.py[LINE:42]# INFO     [2018-10-18 18:38:28,526]  Мы  не залогинились!
scenario.py[LINE:68]# INFO     [2018-10-18 18:38:29,403]  Мы сменили страницу!
scenario.py[LINE:73]# INFO     [2018-10-18 18:38:29,453]  Мы на странице ошибки!
scenario.py[LINE:42]# INFO     [2018-10-18 18:40:08,268]  Мы  не залогинились!
scenario.py[LINE:42]# INFO     [2018-10-18 18:40:08,549]  Мы  не залогинились!
scenario.py[LINE:68]# INFO     [2018-10-18 18:40:09,455]  Мы сменили страницу!
scenario.py[LINE:73]# INFO     [2018-10-18 18:40:09,487]  Мы на странице ошибки!
scenario.py[LINE:42]# INFO     [2018-10-18 18:42:38,361]  Мы  не залогинились!
scenario.py[LINE:42]# INFO     [2018-10-18 18:42:38,751]  Мы  не залогинились!
scenario.py[LINE:68]# INFO     [2018-10-18 18:42:39,689]  Мы сменили страницу!
scenario.py[LINE:73]# INFO     [2018-10-18 18:42:39,720]  Мы на странице ошибки!
scenario.py[LINE:42]# INFO     [2018-10-18 18:48:42,202]  Мы  не залогинились!
scenario.py[LINE:42]# INFO     [2018-10-18 18:48:42,515]  Мы  не залогинились!
scenario.py[LINE:68]# INFO     [2018-10-18 18:48:43,905]  Мы сменили страницу!
scenario.py[LINE:73]# INFO     [2018-10-18 18:48:43,921]  Мы на странице ошибки!
scenario.py[LINE:42]# INFO     [2018-10-18 18:50:25,450]  Мы  не залогинились!
scenario.py[LINE:42]# INFO     [2018-10-18 18:50:25,856]  Мы  не залогинились!
scenario.py[LINE:68]# INFO     [2018-10-18 18:50:26,700]  Мы сменили страницу!
scenario.py[LINE:73]# INFO     [2018-10-18 18:50:26,747]  Мы на странице ошибки!
scenario.py[LINE:42]# INFO     [2018-10-18 18:50:44,528]  Мы  не залогинились!
scenario.py[LINE:42]# INFO     [2018-10-18 18:50:44,794]  Мы  не залогинились!
scenario.py[LINE:68]# INFO     [2018-10-18 18:50:46,106]  Мы сменили страницу!
scenario.py[LINE:73]# INFO     [2018-10-18 18:50:46,106]  Мы на странице ошибки!
scenario.py[LINE:42]# INFO     [2018-10-18 18:53:11,694]  Мы  не залогинились!
scenario.py[LINE:42]# INFO     [2018-10-18 18:53:11,975]  Мы  не залогинились!
scenario.py[LINE:68]# INFO     [2018-10-18 18:53:12,991]  Мы сменили страницу!
scenario.py[LINE:73]# INFO     [2018-10-18 18:53:13,022]  Мы на странице ошибки!
scenario.py[LINE:42]# INFO     [2018-10-18 18:58:45,238]  Мы  не залогинились!
scenario.py[LINE:42]# INFO     [2018-10-18 18:58:45,535]  Мы  не залогинились!
scenario.py[LINE:68]# INFO     [2018-10-18 18:58:46,395]  Мы сменили страницу!
scenario.py[LINE:73]# INFO     [2018-10-18 18:58:46,426]  Мы на странице ошибки!
scenario.py[LINE:42]# INFO     [2018-10-18 19:02:50,139]  Мы  не залогинились!
scenario.py[LINE:42]# INFO     [2018-10-18 19:02:50,592]  Мы  не залогинились!
scenario.py[LINE:68]# INFO     [2018-10-18 19:02:51,920]  Мы сменили страницу!
scenario.py[LINE:73]# INFO     [2018-10-18 19:02:51,920]  Мы на странице ошибки!
scenario.py[LINE:107]# INFO     [2018-10-18 19:02:55,467]  Мы не на первой странице, но на ее аналоге.
scenario.py[LINE:42]# INFO     [2018-10-18 19:06:35,337]  Мы  не залогинились!
scenario.py[LINE:42]# INFO     [2018-10-18 19:06:35,618]  Мы  не залогинились!
scenario.py[LINE:68]# INFO     [2018-10-18 19:06:36,587]  Мы сменили страницу!
scenario.py[LINE:73]# INFO     [2018-10-18 19:06:36,618]  Мы на странице ошибки!
scenario.py[LINE:42]# INFO     [2018-10-18 19:07:36,751]  Мы  не залогинились!
scenario.py[LINE:42]# INFO     [2018-10-18 19:07:37,157]  Мы  не залогинились!
scenario.py[LINE:68]# INFO     [2018-10-18 19:07:38,063]  Мы сменили страницу!
scenario.py[LINE:73]# INFO     [2018-10-18 19:07:38,094]  Мы на странице ошибки!
scenario.py[LINE:42]# INFO     [2018-10-18 19:12:21,210]  Мы  не залогинились!
scenario.py[LINE:42]# INFO     [2018-10-18 19:12:21,585]  Мы  не залогинились!
scenario.py[LINE:68]# INFO     [2018-10-18 19:12:22,507]  Мы сменили страницу!
scenario.py[LINE:73]# INFO     [2018-10-18 19:12:22,538]  Мы на странице ошибки!
scenario.py[LINE:44]# INFO     [2018-10-18 19:14:50,726]  Мы  не залогинились!
scenario.py[LINE:44]# INFO     [2018-10-18 19:14:51,038]  Мы  не залогинились!
scenario.py[LINE:70]# INFO     [2018-10-18 19:14:51,913]  Мы сменили страницу!
scenario.py[LINE:75]# INFO     [2018-10-18 19:14:51,960]  Мы на странице ошибки!
scenario.py[LINE:110]# INFO     [2018-10-18 19:14:56,304]  Мы не на первой странице, но на ее аналоге.
scenario.py[LINE:44]# INFO     [2018-10-18 19:19:58,502]  Мы  не залогинились!
scenario.py[LINE:44]# INFO     [2018-10-18 19:19:58,955]  Мы  не залогинились!
scenario.py[LINE:70]# INFO     [2018-10-18 19:19:59,908]  Мы сменили страницу!
scenario.py[LINE:75]# INFO     [2018-10-18 19:19:59,939]  Мы на странице ошибки!
scenario.py[LINE:113]# INFO     [2018-10-18 19:20:03,939]  Мы не на первой странице, но на ее аналоге.
scenario.py[LINE:44]# INFO     [2018-10-18 19:21:49,276]  Мы  не залогинились!
scenario.py[LINE:44]# INFO     [2018-10-18 19:21:49,558]  Мы  не залогинились!
scenario.py[LINE:70]# INFO     [2018-10-18 19:21:50,495]  Мы сменили страницу!
scenario.py[LINE:75]# INFO     [2018-10-18 19:21:50,526]  Мы на странице ошибки!
scenario.py[LINE:114]# INFO     [2018-10-18 19:21:54,839]  Мы не на первой странице, но на ее аналоге.
scenario.py[LINE:44]# INFO     [2018-10-18 19:26:02,224]  Мы  не залогинились!
scenario.py[LINE:44]# INFO     [2018-10-18 19:26:02,552]  Мы  не залогинились!
scenario.py[LINE:70]# INFO     [2018-10-18 19:26:03,505]  Мы сменили страницу!
scenario.py[LINE:75]# INFO     [2018-10-18 19:26:03,536]  Мы на странице ошибки!
scenario.py[LINE:114]# INFO     [2018-10-18 19:26:07,364]  Мы не на первой странице, но на ее аналоге.
scenario.py[LINE:44]# INFO     [2018-10-18 19:27:22,159]  Мы  не залогинились!
scenario.py[LINE:44]# INFO     [2018-10-18 19:27:22,566]  Мы  не залогинились!
scenario.py[LINE:70]# INFO     [2018-10-18 19:27:23,534]  Мы сменили страницу!
scenario.py[LINE:75]# INFO     [2018-10-18 19:27:23,581]  Мы на странице ошибки!
scenario.py[LINE:114]# INFO     [2018-10-18 19:27:27,347]  Мы не на первой странице, но на ее аналоге.
scenario.py[LINE:53]# INFO     [2018-10-18 19:47:37,915]  Мы  не залогинились!
scenario.py[LINE:53]# INFO     [2018-10-18 19:47:38,274]  Мы  не залогинились!
scenario.py[LINE:79]# INFO     [2018-10-18 19:47:39,790]  Мы сменили страницу!
scenario.py[LINE:84]# INFO     [2018-10-18 19:47:39,884]  Мы на странице ошибки!
scenario.py[LINE:123]# INFO     [2018-10-18 19:47:43,712]  Мы не на первой странице, но на ее аналоге.
scenario.py[LINE:53]# INFO     [2018-10-18 19:48:29,173]  Мы  не залогинились!
scenario.py[LINE:53]# INFO     [2018-10-18 19:48:29,610]  Мы  не залогинились!
scenario.py[LINE:79]# INFO     [2018-10-18 19:48:30,610]  Мы сменили страницу!
scenario.py[LINE:84]# INFO     [2018-10-18 19:48:30,688]  Мы на странице ошибки!
scenario.py[LINE:123]# INFO     [2018-10-18 19:48:34,376]  Мы не на первой странице, но на ее аналоге.
scenario.py[LINE:57]# INFO     [2018-10-18 20:03:23,100]  Мы  не залогинились!
scenario.py[LINE:57]# INFO     [2018-10-18 20:03:23,491]  Мы  не залогинились!
scenario.py[LINE:83]# INFO     [2018-10-18 20:03:24,928]  Мы сменили страницу!
scenario.py[LINE:88]# INFO     [2018-10-18 20:03:24,944]  Мы на странице ошибки!
scenario.py[LINE:57]# INFO     [2018-10-18 20:06:46,316]  Мы  не залогинились!
scenario.py[LINE:57]# INFO     [2018-10-18 20:06:46,660]  Мы  не залогинились!
scenario.py[LINE:83]# INFO     [2018-10-18 20:06:47,645]  Мы сменили страницу!
scenario.py[LINE:88]# INFO     [2018-10-18 20:06:47,660]  Мы на странице ошибки!
scenario.py[LINE:57]# INFO     [2018-10-18 20:07:35,105]  Мы  не залогинились!
scenario.py[LINE:57]# INFO     [2018-10-18 20:07:35,417]  Мы  не залогинились!
scenario.py[LINE:83]# INFO     [2018-10-18 20:07:36,518]  Мы сменили страницу!
scenario.py[LINE:88]# INFO     [2018-10-18 20:07:36,549]  Мы на странице ошибки!
scenario.py[LINE:57]# INFO     [2018-10-18 20:07:40,955]  Мы  не залогинились!
scenario.py[LINE:57]# INFO     [2018-10-18 20:07:41,252]  Мы  не залогинились!
scenario.py[LINE:83]# INFO     [2018-10-18 20:07:43,190]  Мы сменили страницу!
scenario.py[LINE:88]# INFO     [2018-10-18 20:07:43,205]  Мы на странице ошибки!
scenario.py[LINE:58]# INFO     [2018-10-18 20:12:07,807]  Мы  не залогинились!
scenario.py[LINE:58]# INFO     [2018-10-18 20:12:08,167]  Мы  не залогинились!
scenario.py[LINE:84]# INFO     [2018-10-18 20:12:09,088]  Мы сменили страницу!
scenario.py[LINE:89]# INFO     [2018-10-18 20:12:09,120]  Мы на странице ошибки!
scenario.py[LINE:58]# INFO     [2018-10-18 20:14:10,359]  Мы  не залогинились!
scenario.py[LINE:58]# INFO     [2018-10-18 20:14:10,703]  Мы  не залогинились!
scenario.py[LINE:87]# INFO     [2018-10-18 20:14:11,781]  Мы сменили страницу!
scenario.py[LINE:93]# INFO     [2018-10-18 20:14:11,812]  Мы на странице ошибки!
scenario.py[LINE:59]# INFO     [2018-10-18 20:16:17,534]  Мы  не залогинились!
scenario.py[LINE:59]# INFO     [2018-10-18 20:16:17,909]  Мы  не залогинились!
scenario.py[LINE:89]# INFO     [2018-10-18 20:16:18,909]  Мы сменили страницу!
scenario.py[LINE:95]# INFO     [2018-10-18 20:16:18,940]  Мы на странице ошибки!
scenario.py[LINE:59]# INFO     [2018-10-18 20:17:30,000]  Мы  не залогинились!
scenario.py[LINE:59]# INFO     [2018-10-18 20:17:30,437]  Мы  не залогинились!
scenario.py[LINE:89]# INFO     [2018-10-18 20:17:31,422]  Мы сменили страницу!
scenario.py[LINE:95]# INFO     [2018-10-18 20:17:31,468]  Мы на странице ошибки!
scenario.py[LINE:59]# INFO     [2018-10-18 20:19:38,128]  Мы  не залогинились!
scenario.py[LINE:59]# INFO     [2018-10-18 20:19:38,518]  Мы  не залогинились!
scenario.py[LINE:89]# INFO     [2018-10-18 20:19:39,462]  Мы сменили страницу!
scenario.py[LINE:95]# INFO     [2018-10-18 20:19:39,493]  Мы на странице ошибки!
scenario.py[LINE:59]# INFO     [2018-10-18 20:20:35,262]  Мы  не залогинились!
scenario.py[LINE:59]# INFO     [2018-10-18 20:20:35,652]  Мы  не залогинились!
scenario.py[LINE:89]# INFO     [2018-10-18 20:20:37,012]  Мы сменили страницу!
scenario.py[LINE:96]# INFO     [2018-10-18 20:20:37,027]  Мы на странице ошибки!
scenario.py[LINE:61]# INFO     [2018-10-18 20:21:45,521]  Мы  не залогинились!
scenario.py[LINE:61]# INFO     [2018-10-18 20:21:45,896]  Мы  не залогинились!
scenario.py[LINE:91]# INFO     [2018-10-18 20:21:47,224]  Мы сменили страницу!
scenario.py[LINE:98]# INFO     [2018-10-18 20:21:47,240]  Мы на странице ошибки!
scenario.py[LINE:141]# INFO     [2018-10-18 20:21:51,021]  Мы не на первой странице, но на ее аналоге.
